[2024-10-29T13:29:59.944] [DEBUG] default - GET /api/getList
[2024-10-29T13:31:01.990] [DEBUG] default - POST /api/login
[2024-10-29T15:50:45.900] [DEBUG] default - GET /api/getList
[2024-11-06T10:11:03.226] [DEBUG] default - GET /api/getList
[2024-11-06T10:24:25.505] [DEBUG] default - GET /api/getList
[2024-11-12T15:55:01.035] [DEBUG] default - POST /api/login
[2024-11-12T15:55:40.955] [DEBUG] default - POST /api/login
[2024-11-12T15:56:27.962] [DEBUG] default - POST /api/login
[2024-11-12T15:56:48.892] [DEBUG] default - POST /api/login
[2024-11-12T16:01:41.497] [DEBUG] default - POST /api/login
[2024-11-12T16:02:08.170] [DEBUG] default - POST /api/login
[2024-11-12T16:02:09.627] [DEBUG] default - GET /api/login
[2024-11-12T16:03:43.282] [DEBUG] default - POST /api/login
[2024-11-12T16:06:38.910] [DEBUG] default - POST /api/login
[2024-11-12T16:06:42.907] [DEBUG] default - POST /api/login
[2024-11-12T16:07:40.597] [DEBUG] default - POST /api/login
[2024-11-12T16:58:58.843] [DEBUG] default - POST /api/login
[2024-11-13T14:51:04.110] [DEBUG] default - GET /socket.io/?EIO=4&transport=websocket
[2024-11-13T14:51:14.144] [DEBUG] default - GET /socket.io/?EIO=4&transport=websocket
[2024-11-13T14:51:24.163] [DEBUG] default - GET /socket.io/?EIO=4&transport=websocket
[2024-11-13T14:51:34.211] [DEBUG] default - GET /socket.io/?EIO=4&transport=websocket
[2024-11-13T14:51:44.252] [DEBUG] default - GET /socket.io/?EIO=4&transport=websocket
[2024-11-13T14:51:55.210] [DEBUG] default - GET /socket.io/?EIO=4&transport=websocket
[2024-11-13T14:52:06.184] [DEBUG] default - GET /socket.io/?EIO=4&transport=websocket
[2024-11-13T14:52:17.185] [DEBUG] default - GET /socket.io/?EIO=4&transport=websocket
[2024-11-13T14:52:28.195] [DEBUG] default - GET /socket.io/?EIO=4&transport=websocket
[2024-11-13T14:52:39.189] [DEBUG] default - GET /socket.io/?EIO=4&transport=websocket
[2024-11-13T14:52:50.220] [DEBUG] default - GET /socket.io/?EIO=4&transport=websocket
[2024-11-13T14:53:01.230] [DEBUG] default - GET /socket.io/?EIO=4&transport=websocket
[2024-11-13T14:53:12.253] [DEBUG] default - GET /socket.io/?EIO=4&transport=websocket
[2024-11-13T14:53:23.270] [DEBUG] default - GET /socket.io/?EIO=4&transport=websocket
[2024-11-13T14:53:34.226] [DEBUG] default - GET /socket.io/?EIO=4&transport=websocket
[2024-11-13T14:53:45.242] [DEBUG] default - GET /socket.io/?EIO=4&transport=websocket
[2024-11-13T14:53:56.264] [DEBUG] default - GET /socket.io/?EIO=4&transport=websocket
[2024-11-13T14:54:07.169] [DEBUG] default - GET /socket.io/?EIO=4&transport=websocket
[2024-11-13T14:54:18.165] [DEBUG] default - GET /socket.io/?EIO=4&transport=websocket
[2024-11-13T14:54:29.170] [DEBUG] default - GET /socket.io/?EIO=4&transport=websocket
[2024-11-13T14:54:40.170] [DEBUG] default - GET /socket.io/?EIO=4&transport=websocket
[2024-11-13T14:54:51.162] [DEBUG] default - GET /socket.io/?EIO=4&transport=websocket
[2024-11-13T14:55:02.174] [DEBUG] default - GET /socket.io/?EIO=4&transport=websocket
[2024-11-13T14:55:13.180] [DEBUG] default - GET /socket.io/?EIO=4&transport=websocket
[2024-11-13T14:55:24.177] [DEBUG] default - GET /socket.io/?EIO=4&transport=websocket
[2024-11-13T14:55:35.212] [DEBUG] default - GET /socket.io/?EIO=4&transport=websocket
[2024-11-13T14:55:46.244] [DEBUG] default - GET /socket.io/?EIO=4&transport=websocket
[2024-11-13T14:55:57.261] [DEBUG] default - GET /socket.io/?EIO=4&transport=websocket
[2024-11-13T14:56:08.168] [DEBUG] default - GET /socket.io/?EIO=4&transport=websocket
[2024-11-13T14:56:19.166] [DEBUG] default - GET /socket.io/?EIO=4&transport=websocket
[2024-11-13T14:56:30.166] [DEBUG] default - GET /socket.io/?EIO=4&transport=websocket
[2024-11-13T14:56:41.172] [DEBUG] default - GET /socket.io/?EIO=4&transport=websocket
[2024-11-13T14:56:52.172] [DEBUG] default - GET /socket.io/?EIO=4&transport=websocket
[2024-11-13T14:57:03.177] [DEBUG] default - GET /socket.io/?EIO=4&transport=websocket
[2024-11-13T14:57:14.179] [DEBUG] default - GET /socket.io/?EIO=4&transport=websocket
[2024-11-13T14:57:25.193] [DEBUG] default - GET /socket.io/?EIO=4&transport=websocket
[2024-11-13T14:57:36.190] [DEBUG] default - GET /socket.io/?EIO=4&transport=websocket
[2024-11-13T15:05:24.827] [DEBUG] default - GET /api/getList
[2024-11-13T15:05:24.883] [DEBUG] default - GET /favicon.ico
[2024-11-13T15:05:55.662] [DEBUG] default - GET /api/getList
[2024-11-13T15:11:56.787] [DEBUG] default - GET /api/getList
[2024-11-13T15:13:40.809] [DEBUG] default - GET /api/getList
[2024-11-13T15:20:12.147] [DEBUG] default - GET /api/getList
[2024-11-13T15:20:16.461] [DEBUG] default - GET /api/getList
[2024-11-13T15:20:16.919] [DEBUG] default - GET /api/getList
[2024-11-13T15:20:32.759] [DEBUG] default - GET /api/getList
[2024-11-13T15:29:44.243] [DEBUG] default - GET /api/getList
[2024-11-13T15:29:48.526] [DEBUG] default - GET /api/getList
[2024-11-13T15:31:47.146] [DEBUG] default - GET /api/getList
[2024-11-13T15:32:59.349] [DEBUG] default - GET /api/getList
[2024-11-13T15:34:05.896] [DEBUG] default - GET /api/getList
[2024-11-13T15:43:19.735] [DEBUG] default - GET /api/getList
[2024-11-13T15:44:29.887] [DEBUG] default - GET /api/getList
[2024-11-13T15:47:04.833] [DEBUG] default - GET /api/getList
[2024-11-13T15:50:21.108] [DEBUG] default - GET /api/getList
[2024-11-13T16:19:31.421] [DEBUG] default - GET /api/getList
[2024-11-13T16:19:43.176] [DEBUG] default - GET /api/getList
[2024-11-13T21:26:44.001] [DEBUG] default - GET /api/getList
[2024-11-20T10:45:02.504] [DEBUG] default - POST /api/login
[2024-11-20T10:45:10.126] [DEBUG] default - POST /api/register
[2024-11-20T10:45:10.156] [DEBUG] default - GET /api/getList
[2024-11-20T10:45:48.636] [DEBUG] default - POST /api/login
[2024-11-20T10:46:40.498] [DEBUG] default - GET /api/getList
[2024-11-20T10:46:41.419] [DEBUG] default - GET /api/getList
[2024-11-20T10:46:41.601] [DEBUG] default - GET /api/getList
[2024-11-20T10:46:41.754] [DEBUG] default - GET /api/getList
[2024-11-20T10:46:41.908] [DEBUG] default - GET /api/getList
[2024-11-20T10:46:42.051] [DEBUG] default - GET /api/getList
[2024-11-20T10:46:42.192] [DEBUG] default - GET /api/getList
[2024-11-20T10:46:42.322] [DEBUG] default - GET /api/getList
[2024-11-20T13:28:01.935] [DEBUG] default - GET /api/getList
[2024-11-20T13:28:07.448] [DEBUG] default - GET /api/getList
[2024-11-20T13:28:07.612] [DEBUG] default - GET /api/getList
[2024-11-20T13:28:07.754] [DEBUG] default - GET /api/getList
[2024-11-20T13:29:33.687] [DEBUG] default - GET /api/getList
[2024-11-20T15:27:46.701] [DEBUG] default - POST /api/register
[2024-11-20T15:29:33.873] [DEBUG] default - POST /api/register
[2024-11-20T15:30:35.987] [DEBUG] default - POST /api/login
[2024-11-20T15:30:37.020] [DEBUG] default - POST /api/login
[2024-11-20T15:30:38.193] [DEBUG] default - POST /api/login
[2024-11-20T15:30:39.726] [DEBUG] default - POST /api/login
[2024-11-20T15:30:39.910] [DEBUG] default - POST /api/login
[2024-11-20T15:30:40.067] [DEBUG] default - POST /api/login
[2024-11-20T15:30:40.219] [DEBUG] default - POST /api/login
[2024-11-20T15:30:40.368] [DEBUG] default - POST /api/login
[2024-11-20T15:30:50.303] [DEBUG] default - POST /api/login
[2024-11-20T15:32:12.500] [DEBUG] default - POST /api/login
[2024-11-20T15:32:23.383] [DEBUG] default - POST /api/login
[2024-11-20T16:38:51.098] [DEBUG] default - POST /api/login
[2024-11-20T16:40:47.961] [DEBUG] default - POST /api/login
[2024-11-20T16:40:53.373] [DEBUG] default - POST /api/login
[2024-11-20T16:41:26.262] [DEBUG] default - POST /api/login
